Determining if the pthread_create exist failed with the following output:
Change Dir: /home/reihanehmohseni/crprojectl/build/CMakeFiles/CMakeTmp

Run Build Command:"/usr/bin/make" "cmTC_52d90/fast"
/usr/bin/make -f CMakeFiles/cmTC_52d90.dir/build.make CMakeFiles/cmTC_52d90.dir/build
make[1]: Entering directory '/home/reihanehmohseni/crprojectl/build/CMakeFiles/CMakeTmp'
Building C object CMakeFiles/cmTC_52d90.dir/CheckSymbolExists.c.o
/usr/bin/cc     -o CMakeFiles/cmTC_52d90.dir/CheckSymbolExists.c.o   -c /home/reihanehmohseni/crprojectl/build/CMakeFiles/CMakeTmp/CheckSymbolExists.c
Linking C executable cmTC_52d90
/usr/bin/cmake -E cmake_link_script CMakeFiles/cmTC_52d90.dir/link.txt --verbose=1
/usr/bin/cc       CMakeFiles/cmTC_52d90.dir/CheckSymbolExists.c.o  -o cmTC_52d90 -rdynamic 
CMakeFiles/cmTC_52d90.dir/CheckSymbolExists.c.o: In function `main':
CheckSymbolExists.c:(.text+0x16): undefined reference to `pthread_create'
collect2: error: ld returned 1 exit status
CMakeFiles/cmTC_52d90.dir/build.make:97: recipe for target 'cmTC_52d90' failed
make[1]: *** [cmTC_52d90] Error 1
make[1]: Leaving directory '/home/reihanehmohseni/crprojectl/build/CMakeFiles/CMakeTmp'
Makefile:126: recipe for target 'cmTC_52d90/fast' failed
make: *** [cmTC_52d90/fast] Error 2

File /home/reihanehmohseni/crprojectl/build/CMakeFiles/CMakeTmp/CheckSymbolExists.c:
/* */
#include <pthread.h>

int main(int argc, char** argv)
{
  (void)argv;
#ifndef pthread_create
  return ((int*)(&pthread_create))[argc];
#else
  (void)argc;
  return 0;
#endif
}

Determining if the function pthread_create exists in the pthreads failed with the following output:
Change Dir: /home/reihanehmohseni/crprojectl/build/CMakeFiles/CMakeTmp

Run Build Command:"/usr/bin/make" "cmTC_af809/fast"
/usr/bin/make -f CMakeFiles/cmTC_af809.dir/build.make CMakeFiles/cmTC_af809.dir/build
make[1]: Entering directory '/home/reihanehmohseni/crprojectl/build/CMakeFiles/CMakeTmp'
Building C object CMakeFiles/cmTC_af809.dir/CheckFunctionExists.c.o
/usr/bin/cc    -DCHECK_FUNCTION_EXISTS=pthread_create   -o CMakeFiles/cmTC_af809.dir/CheckFunctionExists.c.o   -c /usr/share/cmake-3.5/Modules/CheckFunctionExists.c
Linking C executable cmTC_af809
/usr/bin/cmake -E cmake_link_script CMakeFiles/cmTC_af809.dir/link.txt --verbose=1
/usr/bin/cc   -DCHECK_FUNCTION_EXISTS=pthread_create    CMakeFiles/cmTC_af809.dir/CheckFunctionExists.c.o  -o cmTC_af809 -rdynamic -lpthreads 
/usr/bin/ld: cannot find -lpthreads
collect2: error: ld returned 1 exit status
CMakeFiles/cmTC_af809.dir/build.make:97: recipe for target 'cmTC_af809' failed
make[1]: *** [cmTC_af809] Error 1
make[1]: Leaving directory '/home/reihanehmohseni/crprojectl/build/CMakeFiles/CMakeTmp'
Makefile:126: recipe for target 'cmTC_af809/fast' failed
make: *** [cmTC_af809/fast] Error 2


